[debug] [2024-10-22T01:57:25.927Z] ----------------------------------------------------------------------
[debug] [2024-10-22T01:57:25.928Z] Command:       /Users/danielbarba/.nvm/versions/node/v18.20.4/bin/node /Users/danielbarba/.nvm/versions/node/v18.20.4/bin/firebase deploy
[debug] [2024-10-22T01:57:25.928Z] CLI Version:   13.20.1
[debug] [2024-10-22T01:57:25.928Z] Platform:      darwin
[debug] [2024-10-22T01:57:25.929Z] Node Version:  v18.20.4
[debug] [2024-10-22T01:57:25.929Z] Time:          Mon Oct 21 2024 21:57:25 GMT-0400 (Eastern Daylight Time)
[debug] [2024-10-22T01:57:25.929Z] ----------------------------------------------------------------------
[debug] 
[debug] [2024-10-22T01:57:25.967Z] > command requires scopes: ["email","openid","https://www.googleapis.com/auth/cloudplatformprojects.readonly","https://www.googleapis.com/auth/firebase","https://www.googleapis.com/auth/cloud-platform"]
[debug] [2024-10-22T01:57:25.968Z] > authorizing via signed-in user (danieleduardobarba@gmail.com)
[debug] [2024-10-22T01:57:25.968Z] [iam] checking project devcon1solutions for permissions ["firebase.projects.get","firebasehosting.sites.update"]
[debug] [2024-10-22T01:57:25.968Z] Checked if tokens are valid: false, expires at: 1729562424487
[debug] [2024-10-22T01:57:25.968Z] Checked if tokens are valid: false, expires at: 1729562424487
[debug] [2024-10-22T01:57:25.969Z] > refreshing access token with scopes: []
[debug] [2024-10-22T01:57:25.969Z] >>> [apiv2][query] POST https://www.googleapis.com/oauth2/v3/token [none]
[debug] [2024-10-22T01:57:25.970Z] >>> [apiv2][body] POST https://www.googleapis.com/oauth2/v3/token [omitted]
[debug] [2024-10-22T01:57:26.215Z] <<< [apiv2][status] POST https://www.googleapis.com/oauth2/v3/token 200
[debug] [2024-10-22T01:57:26.215Z] <<< [apiv2][body] POST https://www.googleapis.com/oauth2/v3/token [omitted]
[debug] [2024-10-22T01:57:26.237Z] >>> [apiv2][query] POST https://cloudresourcemanager.googleapis.com/v1/projects/devcon1solutions:testIamPermissions [none]
[debug] [2024-10-22T01:57:26.237Z] >>> [apiv2][(partial)header] POST https://cloudresourcemanager.googleapis.com/v1/projects/devcon1solutions:testIamPermissions x-goog-quota-user=projects/devcon1solutions
[debug] [2024-10-22T01:57:26.238Z] >>> [apiv2][body] POST https://cloudresourcemanager.googleapis.com/v1/projects/devcon1solutions:testIamPermissions {"permissions":["firebase.projects.get","firebasehosting.sites.update"]}
[debug] [2024-10-22T01:57:26.502Z] <<< [apiv2][status] POST https://cloudresourcemanager.googleapis.com/v1/projects/devcon1solutions:testIamPermissions 200
[debug] [2024-10-22T01:57:26.503Z] <<< [apiv2][body] POST https://cloudresourcemanager.googleapis.com/v1/projects/devcon1solutions:testIamPermissions {"permissions":["firebase.projects.get","firebasehosting.sites.update"]}
[debug] [2024-10-22T01:57:26.504Z] Checked if tokens are valid: true, expires at: 1729565845215
[debug] [2024-10-22T01:57:26.504Z] Checked if tokens are valid: true, expires at: 1729565845215
[debug] [2024-10-22T01:57:26.505Z] >>> [apiv2][query] GET https://firebase.googleapis.com/v1beta1/projects/devcon1solutions [none]
[debug] [2024-10-22T01:57:26.909Z] <<< [apiv2][status] GET https://firebase.googleapis.com/v1beta1/projects/devcon1solutions 200
[debug] [2024-10-22T01:57:26.909Z] <<< [apiv2][body] GET https://firebase.googleapis.com/v1beta1/projects/devcon1solutions {"projectId":"devcon1solutions","projectNumber":"78794714554","displayName":"devcon1solutions","name":"projects/devcon1solutions","resources":{"hostingSite":"devcon1solutions"},"state":"ACTIVE","etag":"1_81e3d57f-6700-409c-ab6e-31e36feb6e4e"}
[info] 
[info] === Deploying to 'devcon1solutions'...
[info] 
[info] i  deploying hosting 
[debug] [2024-10-22T01:57:26.916Z] Checked if tokens are valid: true, expires at: 1729565845215
[debug] [2024-10-22T01:57:26.916Z] Checked if tokens are valid: true, expires at: 1729565845215
[debug] [2024-10-22T01:57:26.916Z] >>> [apiv2][query] POST https://firebasehosting.googleapis.com/v1beta1/projects/-/sites/devcon1solutions/versions [none]
[debug] [2024-10-22T01:57:26.916Z] >>> [apiv2][body] POST https://firebasehosting.googleapis.com/v1beta1/projects/-/sites/devcon1solutions/versions {"status":"CREATED","labels":{"deployment-tool":"cli-firebase"}}
